[2025-06-11T18:23:00] Fix distributed
[2025-06-16T09:18:00] CLIP fusion
[2025-06-16T10:19:00] LoRA encoder
[2025-06-16T21:31:00] CLIP fusion
[2025-06-18T17:13:00] Data augmentation
[2025-06-20T20:29:00] CLIP fusion
[2025-06-23T20:29:00] Data augmentation
[2025-06-24T19:55:00] Fix distributed
[2025-06-26T11:47:00] LoRA encoder
[2025-06-26T09:13:00] CLIP fusion
[2025-06-30T10:03:00] LoRA encoder
[2025-07-10T16:49:00] Fix distributed
[2025-07-10T09:44:00] Data augmentation
[2025-07-14T15:59:00] Data augmentation
[2025-07-15T13:25:00] Fix distributed
[2025-07-16T10:29:00] Data augmentation
[2025-07-19T17:48:00] LoRA encoder
[2025-07-20T09:46:00] Fix distributed
[2025-07-20T15:37:00] Data augmentation
[2025-07-21T15:47:00] LoRA encoder
[2025-07-21T17:33:00] Data augmentation
[2025-07-21T13:31:00] Fix distributed
[2025-07-23T17:33:00] Data augmentation
[2025-07-25T10:22:00] LoRA encoder
[2025-07-26T20:04:00] CLIP fusion
[2025-07-28T10:20:00] LoRA encoder
[2025-07-30T10:43:00] Fix distributed
[2025-07-30T17:22:00] Fix distributed
[2025-07-31T11:05:00] CLIP fusion
[2025-08-01T15:49:00] Data augmentation
[2025-08-05T14:22:00] CLIP fusion
[2025-08-06T17:45:00] Fix distributed
[2025-08-07T18:24:00] LoRA encoder
[2025-08-08T13:51:00] Fix distributed
[2025-08-11T15:49:00] Data augmentation
[2025-08-14T17:34:00] Data augmentation
[2025-08-14T09:42:00] Data augmentation
[2025-08-14T20:56:00] Fix distributed
[2025-08-14T16:44:00] CLIP fusion
[2025-08-15T18:51:00] Data augmentation
[2025-08-15T15:33:00] Fix distributed
[2025-08-19T11:30:00] Fix distributed
[2025-08-19T15:14:00] Data augmentation
[2025-08-19T12:40:00] LoRA encoder
[2025-08-20T17:14:00] CLIP fusion
[2025-08-26T12:22:00] CLIP fusion
[2025-08-31T11:44:00] Data augmentation
[2025-09-02T18:43:00] Fix distributed
[2025-09-02T21:03:00] Data augmentation
[2025-09-03T18:26:00] CLIP fusion
[2025-09-04T13:41:00] Fix distributed
[2025-09-06T13:11:00] Fix distributed
[2025-09-08T10:45:00] Fix distributed
[2025-09-10T21:43:00] Fix distributed
[2025-09-18T19:03:00] Fix distributed
[2025-09-18T11:08:00] LoRA encoder
[2025-09-18T12:07:00] CLIP fusion
[2025-09-19T18:00:00] Data augmentation
[2025-09-19T20:18:00] Data augmentation
[2025-09-19T17:55:00] Data augmentation
[2025-09-21T10:23:00] Fix distributed
[2025-09-21T15:53:00] Fix distributed
[2025-09-22T16:58:00] Data augmentation
[2025-09-22T17:03:00] Fix distributed
[2025-09-23T12:03:00] LoRA encoder
[2025-09-23T13:02:00] Data augmentation
[2025-09-24T21:54:00] CLIP fusion
[2025-09-26T13:25:00] Data augmentation
[2025-09-28T19:08:00] Fix distributed
[2025-09-29T11:41:00] Fix distributed
[2025-09-30T09:31:00] CLIP fusion
[2025-10-02T21:42:00] CLIP fusion
[2025-10-04T18:44:00] LoRA encoder
[2025-10-06T19:45:00] Data augmentation
[2025-10-07T15:07:00] Data augmentation
[2025-10-11T15:09:00] Fix distributed
[2025-10-13T16:42:00] CLIP fusion
[2025-10-13T11:03:00] CLIP fusion
[2025-10-17T13:25:00] Data augmentation
[2025-10-23T12:55:00] CLIP fusion
[2025-10-24T12:13:00] Fix distributed
[2025-10-29T11:03:00] CLIP fusion
[2025-11-10T16:33:00] LoRA encoder
[2025-11-11T09:03:00] Fix distributed
[2025-11-11T11:11:00] Fix distributed
[2025-11-12T09:41:00] Data augmentation
[2025-11-12T19:27:00] LoRA encoder
[2025-11-14T14:50:00] Fix distributed
[2025-11-16T16:29:00] LoRA encoder
[2025-11-17T17:27:00] CLIP fusion
[2025-11-20T16:30:00] CLIP fusion
[2025-11-21T19:22:00] Fix distributed
[2025-11-22T18:57:00] Fix distributed
[2025-11-26T14:07:00] Fix distributed
[2025-11-30T12:44:00] Data augmentation
[2025-11-30T18:39:00] CLIP fusion
[2025-12-02T18:41:00] LoRA encoder
[2025-12-04T13:28:00] CLIP fusion
[2025-12-04T21:38:00] CLIP fusion
[2025-12-08T11:17:00] Data augmentation
[2025-12-09T12:06:00] Fix distributed
[2025-12-09T09:19:00] Fix distributed
[2025-12-11T15:37:00] Data augmentation
[2025-12-12T18:24:00] Data augmentation
[2025-12-18T14:09:00] Data augmentation
[2025-12-19T18:17:00] CLIP fusion
[2025-12-19T11:30:00] Data augmentation
[2025-12-26T12:41:00] LoRA encoder
[2025-12-26T17:19:00] LoRA encoder
[2025-12-31T13:28:00] Fix distributed
[2026-01-04T13:55:00] LoRA encoder
[2026-01-04T11:40:00] LoRA encoder
[2026-01-05T20:09:00] LoRA encoder
[2026-01-06T16:33:00] CLIP fusion
[2026-01-07T19:24:00] CLIP fusion
[2026-01-08T17:02:00] CLIP fusion
[2026-01-08T16:40:00] Data augmentation
[2026-01-12T21:55:00] Fix distributed
[2026-01-14T13:41:00] Data augmentation
[2026-01-15T15:18:00] Data augmentation
[2026-01-15T17:43:00] Fix distributed
[2026-01-16T12:43:00] LoRA encoder
[2026-01-20T09:11:00] Data augmentation
[2026-01-20T11:04:00] Fix distributed
[2026-01-28T09:26:00] LoRA encoder
[2026-01-28T15:52:00] Data augmentation
[2026-01-30T09:26:00] Data augmentation
[2026-01-30T09:01:00] Fix distributed
[2026-01-31T18:20:00] Fix distributed
[2026-01-31T19:17:00] CLIP fusion
[2026-02-02T21:50:00] CLIP fusion
[2026-02-06T19:28:00] CLIP fusion
[2026-02-07T09:17:00] Data augmentation
[2026-02-09T15:56:00] LoRA encoder
[2026-02-10T16:30:00] Fix distributed
[2026-02-10T10:29:00] Fix distributed
[2026-02-14T19:41:00] Data augmentation
[2026-02-16T09:06:00] Data augmentation
[2026-02-16T15:25:00] CLIP fusion
[2026-02-18T16:56:00] Data augmentation
[2026-02-24T14:55:00] Data augmentation
[2026-02-25T14:24:00] LoRA encoder
[2026-02-26T12:21:00] CLIP fusion
[2026-03-03T18:47:00] Fix distributed
[2026-03-03T09:35:00] CLIP fusion
[2026-03-04T17:49:00] Fix distributed
[2026-03-05T17:05:00] LoRA encoder
[2026-03-06T17:53:00] Data augmentation
[2026-03-12T10:37:00] LoRA encoder
[2026-03-16T17:53:00] CLIP fusion
[2026-03-16T17:07:00] CLIP fusion
[2026-03-17T09:55:00] CLIP fusion
[2026-03-19T19:40:00] Data augmentation
[2026-03-19T18:13:00] LoRA encoder
[2026-03-19T18:36:00] CLIP fusion
[2026-03-21T15:59:00] Fix distributed
[2026-03-21T09:01:00] CLIP fusion
[2026-03-23T15:02:00] CLIP fusion
[2026-03-25T15:51:00] CLIP fusion
[2026-03-25T10:55:00] LoRA encoder
[2026-04-02T11:31:00] Data augmentation
[2026-04-02T15:08:00] Fix distributed
[2026-04-10T09:06:00] LoRA encoder
[2026-04-10T15:54:00] CLIP fusion
[2026-04-13T09:40:00] CLIP fusion
[2026-04-13T17:19:00] CLIP fusion
[2026-04-16T13:41:00] Fix distributed
[2026-04-16T12:53:00] Fix distributed
[2026-04-21T12:54:00] LoRA encoder
[2026-04-21T16:34:00] Fix distributed
[2026-04-24T13:27:00] LoRA encoder
[2026-04-26T14:14:00] Fix distributed
[2026-04-26T17:13:00] Fix distributed
[2026-04-30T13:21:00] Data augmentation
[2026-04-30T21:44:00] Fix distributed
[2026-05-01T18:20:00] Fix distributed
[2026-05-04T09:32:00] Data augmentation
[2026-05-04T21:09:00] CLIP fusion
[2026-05-05T16:31:00] Data augmentation
[2026-05-05T10:56:00] CLIP fusion
[2026-05-09T11:57:00] LoRA encoder
[2026-05-09T13:25:00] LoRA encoder
[2026-05-11T16:03:00] Data augmentation
[2026-05-13T15:54:00] Fix distributed
[2026-05-18T17:38:00] Data augmentation
[2026-05-19T17:57:00] LoRA encoder
[2026-05-21T12:00:00] CLIP fusion
[2026-05-21T16:55:00] Fix distributed
[2026-05-21T14:49:00] CLIP fusion
[2026-05-21T14:42:00] CLIP fusion
[2026-05-23T17:28:00] LoRA encoder
[2026-05-24T21:06:00] CLIP fusion
[2026-05-25T13:08:00] Fix distributed
[2026-05-25T12:09:00] LoRA encoder
[2026-05-26T21:30:00] Fix distributed
[2026-05-26T12:52:00] Data augmentation
[2026-05-29T18:50:00] Fix distributed
[2026-05-31T16:19:00] Data augmentation
[2026-06-01T12:41:00] Fix distributed
[2026-06-03T21:30:00] LoRA encoder
[2026-06-04T13:29:00] CLIP fusion
[2026-06-08T12:41:00] LoRA encoder
[2026-06-09T14:35:00] Data augmentation
[2026-06-11T16:20:00] Data augmentation
[2025-06-12T10:33:46] WIP: benchmarking throughput versus accuracy
[2025-06-13T10:22:30] Optimize mixed-precision training stability
[2025-06-20T12:29:40] Fix numerical stability in softmax computation
[2025-06-23T16:35:47] WIP: benchmarking throughput versus accuracy
[2025-06-24T12:59:05] Implement knowledge distillation wrapper class
[2025-06-25T10:47:54] Implement gradient accumulation for large batches
[2025-07-01T12:30:41] Implement knowledge distillation wrapper class
[2025-07-01T16:39:05] Implement gradient accumulation for large batches
